{
  "stats": {
    "suites": 2,
    "tests": 17,
    "passes": 17,
    "pending": 0,
    "failures": 0,
    "start": "2017-05-11T09:27:17.945Z",
    "end": "2017-05-11T09:27:18.141Z",
    "duration": 196,
    "testsRegistered": 17,
    "passPercent": 100,
    "pendingPercent": 0,
    "other": 0,
    "hasOther": false,
    "skipped": 0,
    "hasSkipped": false,
    "passPercentClass": "success",
    "pendingPercentClass": "danger"
  },
  "suites": {
    "title": "",
    "suites": [
      {
        "title": "字符串处理工具模块测试",
        "suites": [],
        "tests": [
          {
            "title": "字符串去空格方法测试",
            "fullTitle": "字符串处理工具模块测试 字符串去空格方法测试",
            "timedOut": false,
            "duration": 2,
            "state": "passed",
            "speed": "fast",
            "pass": true,
            "fail": false,
            "pending": false,
            "code": "expect(2).to.be.equal(1 + 1);\ndone();",
            "err": {},
            "isRoot": false,
            "uuid": "136ba40f-4ec5-48b4-a76d-e980062e2422",
            "parentUUID": "5f5c649e-6846-4df8-a111-6238bbbf6662",
            "skipped": false
          }
        ],
        "pending": [],
        "root": false,
        "_timeout": 2000,
        "file": "/test/unit/utils/test.string.js",
        "uuid": "5f5c649e-6846-4df8-a111-6238bbbf6662",
        "fullFile": "/Users/hezhongliang/Documents/App/yudada_mobile/test/unit/utils/test.string.js",
        "passes": [
          {
            "title": "字符串去空格方法测试",
            "fullTitle": "字符串处理工具模块测试 字符串去空格方法测试",
            "timedOut": false,
            "duration": 2,
            "state": "passed",
            "speed": "fast",
            "pass": true,
            "fail": false,
            "pending": false,
            "code": "expect(2).to.be.equal(1 + 1);\ndone();",
            "err": {},
            "isRoot": false,
            "uuid": "136ba40f-4ec5-48b4-a76d-e980062e2422",
            "parentUUID": "5f5c649e-6846-4df8-a111-6238bbbf6662",
            "skipped": false
          }
        ],
        "failures": [],
        "skipped": [],
        "hasTests": true,
        "hasSuites": false,
        "totalTests": 1,
        "totalPasses": 1,
        "totalFailures": 0,
        "totalPending": 0,
        "totalSkipped": 0,
        "hasPasses": true,
        "hasFailures": false,
        "hasPending": false,
        "hasSkipped": false,
        "duration": 2,
        "rootEmpty": false
      },
      {
        "title": "时间工具模块测试",
        "suites": [],
        "tests": [
          {
            "title": "获取多久之前的文案方法测试:4月1日",
            "fullTitle": "时间工具模块测试 获取多久之前的文案方法测试:4月1日",
            "timedOut": false,
            "duration": 1,
            "state": "passed",
            "speed": "fast",
            "pass": true,
            "fail": false,
            "pending": false,
            "code": "expect((0, _time.timeDifference)(new Date('2017/04/01').getTime() / 1000)).to.be.equal('4月1日');\ndone();",
            "err": {},
            "isRoot": false,
            "uuid": "df5cfca2-d154-41fb-981c-4e37cab6240a",
            "parentUUID": "60d27e66-759a-4f53-bd65-6eb29c3e16c8",
            "skipped": false
          },
          {
            "title": "获取多久之前的文案方法测试:5分钟前",
            "fullTitle": "时间工具模块测试 获取多久之前的文案方法测试:5分钟前",
            "timedOut": false,
            "duration": 1,
            "state": "passed",
            "speed": "fast",
            "pass": true,
            "fail": false,
            "pending": false,
            "code": "expect((0, _time.timeDifference)(new Date().getTime() / 1000 - 60 * 5 - 10)).to.be.equal('5分钟前');\ndone();",
            "err": {},
            "isRoot": false,
            "uuid": "19ef49d5-726f-4de9-b35e-ae23b87b00da",
            "parentUUID": "60d27e66-759a-4f53-bd65-6eb29c3e16c8",
            "skipped": false
          },
          {
            "title": "获取多久之前的文案方法测试:2小时前",
            "fullTitle": "时间工具模块测试 获取多久之前的文案方法测试:2小时前",
            "timedOut": false,
            "duration": 0,
            "state": "passed",
            "speed": "fast",
            "pass": true,
            "fail": false,
            "pending": false,
            "code": "expect((0, _time.timeDifference)(new Date().getTime() / 1000 - 60 * 60 * 2.5)).to.be.equal('2小时前');\ndone();",
            "err": {},
            "isRoot": false,
            "uuid": "81b12f92-ed56-4e84-8207-ba28e5b6a86a",
            "parentUUID": "60d27e66-759a-4f53-bd65-6eb29c3e16c8",
            "skipped": false
          },
          {
            "title": "获取多久之前的文案方法测试:昨天",
            "fullTitle": "时间工具模块测试 获取多久之前的文案方法测试:昨天",
            "timedOut": false,
            "duration": 0,
            "state": "passed",
            "speed": "fast",
            "pass": true,
            "fail": false,
            "pending": false,
            "code": "expect((0, _time.timeDifference)(new Date().getTime() / 1000 - 60 * 60 * 25)).to.be.equal('昨天');\ndone();",
            "err": {},
            "isRoot": false,
            "uuid": "2d1f87ea-85b8-4a9d-8e30-db4a0ac68da6",
            "parentUUID": "60d27e66-759a-4f53-bd65-6eb29c3e16c8",
            "skipped": false
          },
          {
            "title": "获取多久之前的文案方法测试:前天",
            "fullTitle": "时间工具模块测试 获取多久之前的文案方法测试:前天",
            "timedOut": false,
            "duration": 0,
            "state": "passed",
            "speed": "fast",
            "pass": true,
            "fail": false,
            "pending": false,
            "code": "expect((0, _time.timeDifference)(new Date().getTime() / 1000 - 60 * 60 * 50)).to.be.equal('前天');\ndone();",
            "err": {},
            "isRoot": false,
            "uuid": "e462cb2c-a24f-4445-bcbd-00ff2eb9fe37",
            "parentUUID": "60d27e66-759a-4f53-bd65-6eb29c3e16c8",
            "skipped": false
          },
          {
            "title": "获取多久之前的文案方法测试:刚刚来过",
            "fullTitle": "时间工具模块测试 获取多久之前的文案方法测试:刚刚来过",
            "timedOut": false,
            "duration": 0,
            "state": "passed",
            "speed": "fast",
            "pass": true,
            "fail": false,
            "pending": false,
            "code": "expect((0, _time.centerShowTime)(new Date().getTime() / 1000)).to.be.equal('刚刚来过');\ndone();",
            "err": {},
            "isRoot": false,
            "uuid": "84bec210-0af5-409b-93db-fe1d8f02868b",
            "parentUUID": "60d27e66-759a-4f53-bd65-6eb29c3e16c8",
            "skipped": false
          },
          {
            "title": "获取格式化后的时间方法测试:2017年3月20日",
            "fullTitle": "时间工具模块测试 获取格式化后的时间方法测试:2017年3月20日",
            "timedOut": false,
            "duration": 0,
            "state": "passed",
            "speed": "fast",
            "pass": true,
            "fail": false,
            "pending": false,
            "code": "expect((0, _time.getDate)(new Date('2017-03-20').getTime() / 1000)).to.be.equal('2017年3月20日');\ndone();",
            "err": {},
            "isRoot": false,
            "uuid": "fabe1f46-da1e-4f0d-8cb5-8b2b39586dee",
            "parentUUID": "60d27e66-759a-4f53-bd65-6eb29c3e16c8",
            "skipped": false
          },
          {
            "title": "获取多久之前的文案方法测试:3月20日8:00",
            "fullTitle": "时间工具模块测试 获取多久之前的文案方法测试:3月20日8:00",
            "timedOut": false,
            "duration": 1,
            "state": "passed",
            "speed": "fast",
            "pass": true,
            "fail": false,
            "pending": false,
            "code": "expect((0, _time.getDate)(new Date('2017-03-20').getTime() / 1000, true)).to.be.equal('3月20日8:00');\ndone();",
            "err": {},
            "isRoot": false,
            "uuid": "a0d4e9b2-4180-40ea-9984-4b9d82e5380e",
            "parentUUID": "60d27e66-759a-4f53-bd65-6eb29c3e16c8",
            "skipped": false
          },
          {
            "title": "获取多久之前活跃的文案方法测试:刚刚活跃",
            "fullTitle": "时间工具模块测试 获取多久之前活跃的文案方法测试:刚刚活跃",
            "timedOut": false,
            "duration": 0,
            "state": "passed",
            "speed": "fast",
            "pass": true,
            "fail": false,
            "pending": false,
            "code": "expect((0, _time.fishCarActiveTime)(new Date().getTime() / 1000)).to.be.equal('刚刚活跃');\ndone();",
            "err": {},
            "isRoot": false,
            "uuid": "ff5e0805-c089-44e6-b0c2-ef01c7fc6175",
            "parentUUID": "60d27e66-759a-4f53-bd65-6eb29c3e16c8",
            "skipped": false
          },
          {
            "title": "获取多久之前活跃的文案方法测试:今天活跃",
            "fullTitle": "时间工具模块测试 获取多久之前活跃的文案方法测试:今天活跃",
            "timedOut": false,
            "duration": 0,
            "state": "passed",
            "speed": "fast",
            "pass": true,
            "fail": false,
            "pending": false,
            "code": "expect((0, _time.fishCarActiveTime)(new Date().getTime() / 1000 - 60 * 60 * 5)).to.be.equal('今天活跃');\ndone();",
            "err": {},
            "isRoot": false,
            "uuid": "e87b3dac-1417-4b25-887b-ae10ee9e7e7c",
            "parentUUID": "60d27e66-759a-4f53-bd65-6eb29c3e16c8",
            "skipped": false
          },
          {
            "title": "获取多久之前活跃的文案方法测试:昨天活跃",
            "fullTitle": "时间工具模块测试 获取多久之前活跃的文案方法测试:昨天活跃",
            "timedOut": false,
            "duration": 0,
            "state": "passed",
            "speed": "fast",
            "pass": true,
            "fail": false,
            "pending": false,
            "code": "expect((0, _time.fishCarActiveTime)(new Date().getTime() / 1000 - 60 * 60 * 25)).to.be.equal('昨天活跃');\ndone();",
            "err": {},
            "isRoot": false,
            "uuid": "2a99e301-f9ee-45bd-9005-937698cb4ac4",
            "parentUUID": "60d27e66-759a-4f53-bd65-6eb29c3e16c8",
            "skipped": false
          },
          {
            "title": "获取多久之前活跃的文案方法测试:3天前活跃",
            "fullTitle": "时间工具模块测试 获取多久之前活跃的文案方法测试:3天前活跃",
            "timedOut": false,
            "duration": 0,
            "state": "passed",
            "speed": "fast",
            "pass": true,
            "fail": false,
            "pending": false,
            "code": "expect((0, _time.fishCarActiveTime)(new Date().getTime() / 1000 - 60 * 60 * 75)).to.be.equal('3天前活跃');\ndone();",
            "err": {},
            "isRoot": false,
            "uuid": "1f9cc679-10ff-4094-b906-019ea277f958",
            "parentUUID": "60d27e66-759a-4f53-bd65-6eb29c3e16c8",
            "skipped": false
          },
          {
            "title": "获取当前时间的日期格式方法测试:2017/5/11",
            "fullTitle": "时间工具模块测试 获取当前时间的日期格式方法测试:2017/5/11",
            "timedOut": false,
            "duration": 0,
            "state": "passed",
            "speed": "fast",
            "pass": true,
            "fail": false,
            "pending": false,
            "code": "expect((0, _time.getBeforedawnTime)()).to.be.equal((0, _time.getBeforedawnTime)());\ndone();",
            "err": {},
            "isRoot": false,
            "uuid": "ca7709e9-f46b-46cb-b955-69d6fab9dded",
            "parentUUID": "60d27e66-759a-4f53-bd65-6eb29c3e16c8",
            "skipped": false
          },
          {
            "title": "格式化传入时间:今天",
            "fullTitle": "时间工具模块测试 格式化传入时间:今天",
            "timedOut": false,
            "duration": 1,
            "state": "passed",
            "speed": "fast",
            "pass": true,
            "fail": false,
            "pending": false,
            "code": "expect((0, _time.getDealTime)(new Date().getTime() - 60 * 60 * 12 * 1000)).to.be.equal('今天');\ndone();",
            "err": {},
            "isRoot": false,
            "uuid": "979aa7d0-38d9-414d-99c1-14c13702cda3",
            "parentUUID": "60d27e66-759a-4f53-bd65-6eb29c3e16c8",
            "skipped": false
          },
          {
            "title": "格式化传入时间:昨天",
            "fullTitle": "时间工具模块测试 格式化传入时间:昨天",
            "timedOut": false,
            "duration": 0,
            "state": "passed",
            "speed": "fast",
            "pass": true,
            "fail": false,
            "pending": false,
            "code": "expect((0, _time.getDealTime)(new Date().getTime() - 60 * 60 * 25 * 1000)).to.be.equal('昨天');\ndone();",
            "err": {},
            "isRoot": false,
            "uuid": "58144dbf-e8e7-4755-8d62-82ff5063575a",
            "parentUUID": "60d27e66-759a-4f53-bd65-6eb29c3e16c8",
            "skipped": false
          },
          {
            "title": "格式化传入时间:3月1日",
            "fullTitle": "时间工具模块测试 格式化传入时间:3月1日",
            "timedOut": false,
            "duration": 0,
            "state": "passed",
            "speed": "fast",
            "pass": true,
            "fail": false,
            "pending": false,
            "code": "expect((0, _time.getDealTime)(new Date('2017/03/01').getTime())).to.be.equal('3月1日');\ndone();",
            "err": {},
            "isRoot": false,
            "uuid": "d97d9207-d87a-4e04-8c92-b2b18dc2ef12",
            "parentUUID": "60d27e66-759a-4f53-bd65-6eb29c3e16c8",
            "skipped": false
          }
        ],
        "pending": [],
        "root": false,
        "_timeout": 2000,
        "file": "/test/unit/utils/test.time.js",
        "uuid": "60d27e66-759a-4f53-bd65-6eb29c3e16c8",
        "fullFile": "/Users/hezhongliang/Documents/App/yudada_mobile/test/unit/utils/test.time.js",
        "passes": [
          {
            "title": "获取多久之前的文案方法测试:4月1日",
            "fullTitle": "时间工具模块测试 获取多久之前的文案方法测试:4月1日",
            "timedOut": false,
            "duration": 1,
            "state": "passed",
            "speed": "fast",
            "pass": true,
            "fail": false,
            "pending": false,
            "code": "expect((0, _time.timeDifference)(new Date('2017/04/01').getTime() / 1000)).to.be.equal('4月1日');\ndone();",
            "err": {},
            "isRoot": false,
            "uuid": "df5cfca2-d154-41fb-981c-4e37cab6240a",
            "parentUUID": "60d27e66-759a-4f53-bd65-6eb29c3e16c8",
            "skipped": false
          },
          {
            "title": "获取多久之前的文案方法测试:5分钟前",
            "fullTitle": "时间工具模块测试 获取多久之前的文案方法测试:5分钟前",
            "timedOut": false,
            "duration": 1,
            "state": "passed",
            "speed": "fast",
            "pass": true,
            "fail": false,
            "pending": false,
            "code": "expect((0, _time.timeDifference)(new Date().getTime() / 1000 - 60 * 5 - 10)).to.be.equal('5分钟前');\ndone();",
            "err": {},
            "isRoot": false,
            "uuid": "19ef49d5-726f-4de9-b35e-ae23b87b00da",
            "parentUUID": "60d27e66-759a-4f53-bd65-6eb29c3e16c8",
            "skipped": false
          },
          {
            "title": "获取多久之前的文案方法测试:2小时前",
            "fullTitle": "时间工具模块测试 获取多久之前的文案方法测试:2小时前",
            "timedOut": false,
            "duration": 0,
            "state": "passed",
            "speed": "fast",
            "pass": true,
            "fail": false,
            "pending": false,
            "code": "expect((0, _time.timeDifference)(new Date().getTime() / 1000 - 60 * 60 * 2.5)).to.be.equal('2小时前');\ndone();",
            "err": {},
            "isRoot": false,
            "uuid": "81b12f92-ed56-4e84-8207-ba28e5b6a86a",
            "parentUUID": "60d27e66-759a-4f53-bd65-6eb29c3e16c8",
            "skipped": false
          },
          {
            "title": "获取多久之前的文案方法测试:昨天",
            "fullTitle": "时间工具模块测试 获取多久之前的文案方法测试:昨天",
            "timedOut": false,
            "duration": 0,
            "state": "passed",
            "speed": "fast",
            "pass": true,
            "fail": false,
            "pending": false,
            "code": "expect((0, _time.timeDifference)(new Date().getTime() / 1000 - 60 * 60 * 25)).to.be.equal('昨天');\ndone();",
            "err": {},
            "isRoot": false,
            "uuid": "2d1f87ea-85b8-4a9d-8e30-db4a0ac68da6",
            "parentUUID": "60d27e66-759a-4f53-bd65-6eb29c3e16c8",
            "skipped": false
          },
          {
            "title": "获取多久之前的文案方法测试:前天",
            "fullTitle": "时间工具模块测试 获取多久之前的文案方法测试:前天",
            "timedOut": false,
            "duration": 0,
            "state": "passed",
            "speed": "fast",
            "pass": true,
            "fail": false,
            "pending": false,
            "code": "expect((0, _time.timeDifference)(new Date().getTime() / 1000 - 60 * 60 * 50)).to.be.equal('前天');\ndone();",
            "err": {},
            "isRoot": false,
            "uuid": "e462cb2c-a24f-4445-bcbd-00ff2eb9fe37",
            "parentUUID": "60d27e66-759a-4f53-bd65-6eb29c3e16c8",
            "skipped": false
          },
          {
            "title": "获取多久之前的文案方法测试:刚刚来过",
            "fullTitle": "时间工具模块测试 获取多久之前的文案方法测试:刚刚来过",
            "timedOut": false,
            "duration": 0,
            "state": "passed",
            "speed": "fast",
            "pass": true,
            "fail": false,
            "pending": false,
            "code": "expect((0, _time.centerShowTime)(new Date().getTime() / 1000)).to.be.equal('刚刚来过');\ndone();",
            "err": {},
            "isRoot": false,
            "uuid": "84bec210-0af5-409b-93db-fe1d8f02868b",
            "parentUUID": "60d27e66-759a-4f53-bd65-6eb29c3e16c8",
            "skipped": false
          },
          {
            "title": "获取格式化后的时间方法测试:2017年3月20日",
            "fullTitle": "时间工具模块测试 获取格式化后的时间方法测试:2017年3月20日",
            "timedOut": false,
            "duration": 0,
            "state": "passed",
            "speed": "fast",
            "pass": true,
            "fail": false,
            "pending": false,
            "code": "expect((0, _time.getDate)(new Date('2017-03-20').getTime() / 1000)).to.be.equal('2017年3月20日');\ndone();",
            "err": {},
            "isRoot": false,
            "uuid": "fabe1f46-da1e-4f0d-8cb5-8b2b39586dee",
            "parentUUID": "60d27e66-759a-4f53-bd65-6eb29c3e16c8",
            "skipped": false
          },
          {
            "title": "获取多久之前的文案方法测试:3月20日8:00",
            "fullTitle": "时间工具模块测试 获取多久之前的文案方法测试:3月20日8:00",
            "timedOut": false,
            "duration": 1,
            "state": "passed",
            "speed": "fast",
            "pass": true,
            "fail": false,
            "pending": false,
            "code": "expect((0, _time.getDate)(new Date('2017-03-20').getTime() / 1000, true)).to.be.equal('3月20日8:00');\ndone();",
            "err": {},
            "isRoot": false,
            "uuid": "a0d4e9b2-4180-40ea-9984-4b9d82e5380e",
            "parentUUID": "60d27e66-759a-4f53-bd65-6eb29c3e16c8",
            "skipped": false
          },
          {
            "title": "获取多久之前活跃的文案方法测试:刚刚活跃",
            "fullTitle": "时间工具模块测试 获取多久之前活跃的文案方法测试:刚刚活跃",
            "timedOut": false,
            "duration": 0,
            "state": "passed",
            "speed": "fast",
            "pass": true,
            "fail": false,
            "pending": false,
            "code": "expect((0, _time.fishCarActiveTime)(new Date().getTime() / 1000)).to.be.equal('刚刚活跃');\ndone();",
            "err": {},
            "isRoot": false,
            "uuid": "ff5e0805-c089-44e6-b0c2-ef01c7fc6175",
            "parentUUID": "60d27e66-759a-4f53-bd65-6eb29c3e16c8",
            "skipped": false
          },
          {
            "title": "获取多久之前活跃的文案方法测试:今天活跃",
            "fullTitle": "时间工具模块测试 获取多久之前活跃的文案方法测试:今天活跃",
            "timedOut": false,
            "duration": 0,
            "state": "passed",
            "speed": "fast",
            "pass": true,
            "fail": false,
            "pending": false,
            "code": "expect((0, _time.fishCarActiveTime)(new Date().getTime() / 1000 - 60 * 60 * 5)).to.be.equal('今天活跃');\ndone();",
            "err": {},
            "isRoot": false,
            "uuid": "e87b3dac-1417-4b25-887b-ae10ee9e7e7c",
            "parentUUID": "60d27e66-759a-4f53-bd65-6eb29c3e16c8",
            "skipped": false
          },
          {
            "title": "获取多久之前活跃的文案方法测试:昨天活跃",
            "fullTitle": "时间工具模块测试 获取多久之前活跃的文案方法测试:昨天活跃",
            "timedOut": false,
            "duration": 0,
            "state": "passed",
            "speed": "fast",
            "pass": true,
            "fail": false,
            "pending": false,
            "code": "expect((0, _time.fishCarActiveTime)(new Date().getTime() / 1000 - 60 * 60 * 25)).to.be.equal('昨天活跃');\ndone();",
            "err": {},
            "isRoot": false,
            "uuid": "2a99e301-f9ee-45bd-9005-937698cb4ac4",
            "parentUUID": "60d27e66-759a-4f53-bd65-6eb29c3e16c8",
            "skipped": false
          },
          {
            "title": "获取多久之前活跃的文案方法测试:3天前活跃",
            "fullTitle": "时间工具模块测试 获取多久之前活跃的文案方法测试:3天前活跃",
            "timedOut": false,
            "duration": 0,
            "state": "passed",
            "speed": "fast",
            "pass": true,
            "fail": false,
            "pending": false,
            "code": "expect((0, _time.fishCarActiveTime)(new Date().getTime() / 1000 - 60 * 60 * 75)).to.be.equal('3天前活跃');\ndone();",
            "err": {},
            "isRoot": false,
            "uuid": "1f9cc679-10ff-4094-b906-019ea277f958",
            "parentUUID": "60d27e66-759a-4f53-bd65-6eb29c3e16c8",
            "skipped": false
          },
          {
            "title": "获取当前时间的日期格式方法测试:2017/5/11",
            "fullTitle": "时间工具模块测试 获取当前时间的日期格式方法测试:2017/5/11",
            "timedOut": false,
            "duration": 0,
            "state": "passed",
            "speed": "fast",
            "pass": true,
            "fail": false,
            "pending": false,
            "code": "expect((0, _time.getBeforedawnTime)()).to.be.equal((0, _time.getBeforedawnTime)());\ndone();",
            "err": {},
            "isRoot": false,
            "uuid": "ca7709e9-f46b-46cb-b955-69d6fab9dded",
            "parentUUID": "60d27e66-759a-4f53-bd65-6eb29c3e16c8",
            "skipped": false
          },
          {
            "title": "格式化传入时间:今天",
            "fullTitle": "时间工具模块测试 格式化传入时间:今天",
            "timedOut": false,
            "duration": 1,
            "state": "passed",
            "speed": "fast",
            "pass": true,
            "fail": false,
            "pending": false,
            "code": "expect((0, _time.getDealTime)(new Date().getTime() - 60 * 60 * 12 * 1000)).to.be.equal('今天');\ndone();",
            "err": {},
            "isRoot": false,
            "uuid": "979aa7d0-38d9-414d-99c1-14c13702cda3",
            "parentUUID": "60d27e66-759a-4f53-bd65-6eb29c3e16c8",
            "skipped": false
          },
          {
            "title": "格式化传入时间:昨天",
            "fullTitle": "时间工具模块测试 格式化传入时间:昨天",
            "timedOut": false,
            "duration": 0,
            "state": "passed",
            "speed": "fast",
            "pass": true,
            "fail": false,
            "pending": false,
            "code": "expect((0, _time.getDealTime)(new Date().getTime() - 60 * 60 * 25 * 1000)).to.be.equal('昨天');\ndone();",
            "err": {},
            "isRoot": false,
            "uuid": "58144dbf-e8e7-4755-8d62-82ff5063575a",
            "parentUUID": "60d27e66-759a-4f53-bd65-6eb29c3e16c8",
            "skipped": false
          },
          {
            "title": "格式化传入时间:3月1日",
            "fullTitle": "时间工具模块测试 格式化传入时间:3月1日",
            "timedOut": false,
            "duration": 0,
            "state": "passed",
            "speed": "fast",
            "pass": true,
            "fail": false,
            "pending": false,
            "code": "expect((0, _time.getDealTime)(new Date('2017/03/01').getTime())).to.be.equal('3月1日');\ndone();",
            "err": {},
            "isRoot": false,
            "uuid": "d97d9207-d87a-4e04-8c92-b2b18dc2ef12",
            "parentUUID": "60d27e66-759a-4f53-bd65-6eb29c3e16c8",
            "skipped": false
          }
        ],
        "failures": [],
        "skipped": [],
        "hasTests": true,
        "hasSuites": false,
        "totalTests": 16,
        "totalPasses": 16,
        "totalFailures": 0,
        "totalPending": 0,
        "totalSkipped": 0,
        "hasPasses": true,
        "hasFailures": false,
        "hasPending": false,
        "hasSkipped": false,
        "duration": 4,
        "rootEmpty": false
      }
    ],
    "tests": [],
    "pending": [],
    "root": true,
    "_timeout": 2000,
    "uuid": "154a8710-0e1d-412b-bd4a-9bda316c5ffa",
    "fullFile": "",
    "file": "",
    "passes": [],
    "failures": [],
    "skipped": [],
    "hasTests": false,
    "hasSuites": true,
    "totalTests": 0,
    "totalPasses": 0,
    "totalFailures": 0,
    "totalPending": 0,
    "totalSkipped": 0,
    "hasPasses": false,
    "hasFailures": false,
    "hasPending": false,
    "hasSkipped": false,
    "duration": 0,
    "rootEmpty": true
  },
  "allTests": [
    {
      "title": "字符串去空格方法测试",
      "fullTitle": "字符串处理工具模块测试 字符串去空格方法测试",
      "timedOut": false,
      "duration": 2,
      "state": "passed",
      "speed": "fast",
      "pass": true,
      "fail": false,
      "pending": false,
      "code": "expect(2).to.be.equal(1 + 1);\ndone();",
      "err": {},
      "isRoot": false,
      "uuid": "136ba40f-4ec5-48b4-a76d-e980062e2422",
      "parentUUID": "5f5c649e-6846-4df8-a111-6238bbbf6662",
      "skipped": false
    },
    {
      "title": "获取多久之前的文案方法测试:4月1日",
      "fullTitle": "时间工具模块测试 获取多久之前的文案方法测试:4月1日",
      "timedOut": false,
      "duration": 1,
      "state": "passed",
      "speed": "fast",
      "pass": true,
      "fail": false,
      "pending": false,
      "code": "expect((0, _time.timeDifference)(new Date('2017/04/01').getTime() / 1000)).to.be.equal('4月1日');\ndone();",
      "err": {},
      "isRoot": false,
      "uuid": "df5cfca2-d154-41fb-981c-4e37cab6240a",
      "parentUUID": "60d27e66-759a-4f53-bd65-6eb29c3e16c8",
      "skipped": false
    },
    {
      "title": "获取多久之前的文案方法测试:5分钟前",
      "fullTitle": "时间工具模块测试 获取多久之前的文案方法测试:5分钟前",
      "timedOut": false,
      "duration": 1,
      "state": "passed",
      "speed": "fast",
      "pass": true,
      "fail": false,
      "pending": false,
      "code": "expect((0, _time.timeDifference)(new Date().getTime() / 1000 - 60 * 5 - 10)).to.be.equal('5分钟前');\ndone();",
      "err": {},
      "isRoot": false,
      "uuid": "19ef49d5-726f-4de9-b35e-ae23b87b00da",
      "parentUUID": "60d27e66-759a-4f53-bd65-6eb29c3e16c8",
      "skipped": false
    },
    {
      "title": "获取多久之前的文案方法测试:2小时前",
      "fullTitle": "时间工具模块测试 获取多久之前的文案方法测试:2小时前",
      "timedOut": false,
      "duration": 0,
      "state": "passed",
      "speed": "fast",
      "pass": true,
      "fail": false,
      "pending": false,
      "code": "expect((0, _time.timeDifference)(new Date().getTime() / 1000 - 60 * 60 * 2.5)).to.be.equal('2小时前');\ndone();",
      "err": {},
      "isRoot": false,
      "uuid": "81b12f92-ed56-4e84-8207-ba28e5b6a86a",
      "parentUUID": "60d27e66-759a-4f53-bd65-6eb29c3e16c8",
      "skipped": false
    },
    {
      "title": "获取多久之前的文案方法测试:昨天",
      "fullTitle": "时间工具模块测试 获取多久之前的文案方法测试:昨天",
      "timedOut": false,
      "duration": 0,
      "state": "passed",
      "speed": "fast",
      "pass": true,
      "fail": false,
      "pending": false,
      "code": "expect((0, _time.timeDifference)(new Date().getTime() / 1000 - 60 * 60 * 25)).to.be.equal('昨天');\ndone();",
      "err": {},
      "isRoot": false,
      "uuid": "2d1f87ea-85b8-4a9d-8e30-db4a0ac68da6",
      "parentUUID": "60d27e66-759a-4f53-bd65-6eb29c3e16c8",
      "skipped": false
    },
    {
      "title": "获取多久之前的文案方法测试:前天",
      "fullTitle": "时间工具模块测试 获取多久之前的文案方法测试:前天",
      "timedOut": false,
      "duration": 0,
      "state": "passed",
      "speed": "fast",
      "pass": true,
      "fail": false,
      "pending": false,
      "code": "expect((0, _time.timeDifference)(new Date().getTime() / 1000 - 60 * 60 * 50)).to.be.equal('前天');\ndone();",
      "err": {},
      "isRoot": false,
      "uuid": "e462cb2c-a24f-4445-bcbd-00ff2eb9fe37",
      "parentUUID": "60d27e66-759a-4f53-bd65-6eb29c3e16c8",
      "skipped": false
    },
    {
      "title": "获取多久之前的文案方法测试:刚刚来过",
      "fullTitle": "时间工具模块测试 获取多久之前的文案方法测试:刚刚来过",
      "timedOut": false,
      "duration": 0,
      "state": "passed",
      "speed": "fast",
      "pass": true,
      "fail": false,
      "pending": false,
      "code": "expect((0, _time.centerShowTime)(new Date().getTime() / 1000)).to.be.equal('刚刚来过');\ndone();",
      "err": {},
      "isRoot": false,
      "uuid": "84bec210-0af5-409b-93db-fe1d8f02868b",
      "parentUUID": "60d27e66-759a-4f53-bd65-6eb29c3e16c8",
      "skipped": false
    },
    {
      "title": "获取格式化后的时间方法测试:2017年3月20日",
      "fullTitle": "时间工具模块测试 获取格式化后的时间方法测试:2017年3月20日",
      "timedOut": false,
      "duration": 0,
      "state": "passed",
      "speed": "fast",
      "pass": true,
      "fail": false,
      "pending": false,
      "code": "expect((0, _time.getDate)(new Date('2017-03-20').getTime() / 1000)).to.be.equal('2017年3月20日');\ndone();",
      "err": {},
      "isRoot": false,
      "uuid": "fabe1f46-da1e-4f0d-8cb5-8b2b39586dee",
      "parentUUID": "60d27e66-759a-4f53-bd65-6eb29c3e16c8",
      "skipped": false
    },
    {
      "title": "获取多久之前的文案方法测试:3月20日8:00",
      "fullTitle": "时间工具模块测试 获取多久之前的文案方法测试:3月20日8:00",
      "timedOut": false,
      "duration": 1,
      "state": "passed",
      "speed": "fast",
      "pass": true,
      "fail": false,
      "pending": false,
      "code": "expect((0, _time.getDate)(new Date('2017-03-20').getTime() / 1000, true)).to.be.equal('3月20日8:00');\ndone();",
      "err": {},
      "isRoot": false,
      "uuid": "a0d4e9b2-4180-40ea-9984-4b9d82e5380e",
      "parentUUID": "60d27e66-759a-4f53-bd65-6eb29c3e16c8",
      "skipped": false
    },
    {
      "title": "获取多久之前活跃的文案方法测试:刚刚活跃",
      "fullTitle": "时间工具模块测试 获取多久之前活跃的文案方法测试:刚刚活跃",
      "timedOut": false,
      "duration": 0,
      "state": "passed",
      "speed": "fast",
      "pass": true,
      "fail": false,
      "pending": false,
      "code": "expect((0, _time.fishCarActiveTime)(new Date().getTime() / 1000)).to.be.equal('刚刚活跃');\ndone();",
      "err": {},
      "isRoot": false,
      "uuid": "ff5e0805-c089-44e6-b0c2-ef01c7fc6175",
      "parentUUID": "60d27e66-759a-4f53-bd65-6eb29c3e16c8",
      "skipped": false
    },
    {
      "title": "获取多久之前活跃的文案方法测试:今天活跃",
      "fullTitle": "时间工具模块测试 获取多久之前活跃的文案方法测试:今天活跃",
      "timedOut": false,
      "duration": 0,
      "state": "passed",
      "speed": "fast",
      "pass": true,
      "fail": false,
      "pending": false,
      "code": "expect((0, _time.fishCarActiveTime)(new Date().getTime() / 1000 - 60 * 60 * 5)).to.be.equal('今天活跃');\ndone();",
      "err": {},
      "isRoot": false,
      "uuid": "e87b3dac-1417-4b25-887b-ae10ee9e7e7c",
      "parentUUID": "60d27e66-759a-4f53-bd65-6eb29c3e16c8",
      "skipped": false
    },
    {
      "title": "获取多久之前活跃的文案方法测试:昨天活跃",
      "fullTitle": "时间工具模块测试 获取多久之前活跃的文案方法测试:昨天活跃",
      "timedOut": false,
      "duration": 0,
      "state": "passed",
      "speed": "fast",
      "pass": true,
      "fail": false,
      "pending": false,
      "code": "expect((0, _time.fishCarActiveTime)(new Date().getTime() / 1000 - 60 * 60 * 25)).to.be.equal('昨天活跃');\ndone();",
      "err": {},
      "isRoot": false,
      "uuid": "2a99e301-f9ee-45bd-9005-937698cb4ac4",
      "parentUUID": "60d27e66-759a-4f53-bd65-6eb29c3e16c8",
      "skipped": false
    },
    {
      "title": "获取多久之前活跃的文案方法测试:3天前活跃",
      "fullTitle": "时间工具模块测试 获取多久之前活跃的文案方法测试:3天前活跃",
      "timedOut": false,
      "duration": 0,
      "state": "passed",
      "speed": "fast",
      "pass": true,
      "fail": false,
      "pending": false,
      "code": "expect((0, _time.fishCarActiveTime)(new Date().getTime() / 1000 - 60 * 60 * 75)).to.be.equal('3天前活跃');\ndone();",
      "err": {},
      "isRoot": false,
      "uuid": "1f9cc679-10ff-4094-b906-019ea277f958",
      "parentUUID": "60d27e66-759a-4f53-bd65-6eb29c3e16c8",
      "skipped": false
    },
    {
      "title": "获取当前时间的日期格式方法测试:2017/5/11",
      "fullTitle": "时间工具模块测试 获取当前时间的日期格式方法测试:2017/5/11",
      "timedOut": false,
      "duration": 0,
      "state": "passed",
      "speed": "fast",
      "pass": true,
      "fail": false,
      "pending": false,
      "code": "expect((0, _time.getBeforedawnTime)()).to.be.equal((0, _time.getBeforedawnTime)());\ndone();",
      "err": {},
      "isRoot": false,
      "uuid": "ca7709e9-f46b-46cb-b955-69d6fab9dded",
      "parentUUID": "60d27e66-759a-4f53-bd65-6eb29c3e16c8",
      "skipped": false
    },
    {
      "title": "格式化传入时间:今天",
      "fullTitle": "时间工具模块测试 格式化传入时间:今天",
      "timedOut": false,
      "duration": 1,
      "state": "passed",
      "speed": "fast",
      "pass": true,
      "fail": false,
      "pending": false,
      "code": "expect((0, _time.getDealTime)(new Date().getTime() - 60 * 60 * 12 * 1000)).to.be.equal('今天');\ndone();",
      "err": {},
      "isRoot": false,
      "uuid": "979aa7d0-38d9-414d-99c1-14c13702cda3",
      "parentUUID": "60d27e66-759a-4f53-bd65-6eb29c3e16c8",
      "skipped": false
    },
    {
      "title": "格式化传入时间:昨天",
      "fullTitle": "时间工具模块测试 格式化传入时间:昨天",
      "timedOut": false,
      "duration": 0,
      "state": "passed",
      "speed": "fast",
      "pass": true,
      "fail": false,
      "pending": false,
      "code": "expect((0, _time.getDealTime)(new Date().getTime() - 60 * 60 * 25 * 1000)).to.be.equal('昨天');\ndone();",
      "err": {},
      "isRoot": false,
      "uuid": "58144dbf-e8e7-4755-8d62-82ff5063575a",
      "parentUUID": "60d27e66-759a-4f53-bd65-6eb29c3e16c8",
      "skipped": false
    },
    {
      "title": "格式化传入时间:3月1日",
      "fullTitle": "时间工具模块测试 格式化传入时间:3月1日",
      "timedOut": false,
      "duration": 0,
      "state": "passed",
      "speed": "fast",
      "pass": true,
      "fail": false,
      "pending": false,
      "code": "expect((0, _time.getDealTime)(new Date('2017/03/01').getTime())).to.be.equal('3月1日');\ndone();",
      "err": {},
      "isRoot": false,
      "uuid": "d97d9207-d87a-4e04-8c92-b2b18dc2ef12",
      "parentUUID": "60d27e66-759a-4f53-bd65-6eb29c3e16c8",
      "skipped": false
    }
  ],
  "allPending": [],
  "allPasses": [
    {
      "title": "字符串去空格方法测试",
      "fullTitle": "字符串处理工具模块测试 字符串去空格方法测试",
      "timedOut": false,
      "duration": 2,
      "state": "passed",
      "speed": "fast",
      "pass": true,
      "fail": false,
      "pending": false,
      "code": "expect(2).to.be.equal(1 + 1);\ndone();",
      "err": {},
      "isRoot": false,
      "uuid": "136ba40f-4ec5-48b4-a76d-e980062e2422",
      "parentUUID": "5f5c649e-6846-4df8-a111-6238bbbf6662",
      "skipped": false
    },
    {
      "title": "获取多久之前的文案方法测试:4月1日",
      "fullTitle": "时间工具模块测试 获取多久之前的文案方法测试:4月1日",
      "timedOut": false,
      "duration": 1,
      "state": "passed",
      "speed": "fast",
      "pass": true,
      "fail": false,
      "pending": false,
      "code": "expect((0, _time.timeDifference)(new Date('2017/04/01').getTime() / 1000)).to.be.equal('4月1日');\ndone();",
      "err": {},
      "isRoot": false,
      "uuid": "df5cfca2-d154-41fb-981c-4e37cab6240a",
      "parentUUID": "60d27e66-759a-4f53-bd65-6eb29c3e16c8",
      "skipped": false
    },
    {
      "title": "获取多久之前的文案方法测试:5分钟前",
      "fullTitle": "时间工具模块测试 获取多久之前的文案方法测试:5分钟前",
      "timedOut": false,
      "duration": 1,
      "state": "passed",
      "speed": "fast",
      "pass": true,
      "fail": false,
      "pending": false,
      "code": "expect((0, _time.timeDifference)(new Date().getTime() / 1000 - 60 * 5 - 10)).to.be.equal('5分钟前');\ndone();",
      "err": {},
      "isRoot": false,
      "uuid": "19ef49d5-726f-4de9-b35e-ae23b87b00da",
      "parentUUID": "60d27e66-759a-4f53-bd65-6eb29c3e16c8",
      "skipped": false
    },
    {
      "title": "获取多久之前的文案方法测试:2小时前",
      "fullTitle": "时间工具模块测试 获取多久之前的文案方法测试:2小时前",
      "timedOut": false,
      "duration": 0,
      "state": "passed",
      "speed": "fast",
      "pass": true,
      "fail": false,
      "pending": false,
      "code": "expect((0, _time.timeDifference)(new Date().getTime() / 1000 - 60 * 60 * 2.5)).to.be.equal('2小时前');\ndone();",
      "err": {},
      "isRoot": false,
      "uuid": "81b12f92-ed56-4e84-8207-ba28e5b6a86a",
      "parentUUID": "60d27e66-759a-4f53-bd65-6eb29c3e16c8",
      "skipped": false
    },
    {
      "title": "获取多久之前的文案方法测试:昨天",
      "fullTitle": "时间工具模块测试 获取多久之前的文案方法测试:昨天",
      "timedOut": false,
      "duration": 0,
      "state": "passed",
      "speed": "fast",
      "pass": true,
      "fail": false,
      "pending": false,
      "code": "expect((0, _time.timeDifference)(new Date().getTime() / 1000 - 60 * 60 * 25)).to.be.equal('昨天');\ndone();",
      "err": {},
      "isRoot": false,
      "uuid": "2d1f87ea-85b8-4a9d-8e30-db4a0ac68da6",
      "parentUUID": "60d27e66-759a-4f53-bd65-6eb29c3e16c8",
      "skipped": false
    },
    {
      "title": "获取多久之前的文案方法测试:前天",
      "fullTitle": "时间工具模块测试 获取多久之前的文案方法测试:前天",
      "timedOut": false,
      "duration": 0,
      "state": "passed",
      "speed": "fast",
      "pass": true,
      "fail": false,
      "pending": false,
      "code": "expect((0, _time.timeDifference)(new Date().getTime() / 1000 - 60 * 60 * 50)).to.be.equal('前天');\ndone();",
      "err": {},
      "isRoot": false,
      "uuid": "e462cb2c-a24f-4445-bcbd-00ff2eb9fe37",
      "parentUUID": "60d27e66-759a-4f53-bd65-6eb29c3e16c8",
      "skipped": false
    },
    {
      "title": "获取多久之前的文案方法测试:刚刚来过",
      "fullTitle": "时间工具模块测试 获取多久之前的文案方法测试:刚刚来过",
      "timedOut": false,
      "duration": 0,
      "state": "passed",
      "speed": "fast",
      "pass": true,
      "fail": false,
      "pending": false,
      "code": "expect((0, _time.centerShowTime)(new Date().getTime() / 1000)).to.be.equal('刚刚来过');\ndone();",
      "err": {},
      "isRoot": false,
      "uuid": "84bec210-0af5-409b-93db-fe1d8f02868b",
      "parentUUID": "60d27e66-759a-4f53-bd65-6eb29c3e16c8",
      "skipped": false
    },
    {
      "title": "获取格式化后的时间方法测试:2017年3月20日",
      "fullTitle": "时间工具模块测试 获取格式化后的时间方法测试:2017年3月20日",
      "timedOut": false,
      "duration": 0,
      "state": "passed",
      "speed": "fast",
      "pass": true,
      "fail": false,
      "pending": false,
      "code": "expect((0, _time.getDate)(new Date('2017-03-20').getTime() / 1000)).to.be.equal('2017年3月20日');\ndone();",
      "err": {},
      "isRoot": false,
      "uuid": "fabe1f46-da1e-4f0d-8cb5-8b2b39586dee",
      "parentUUID": "60d27e66-759a-4f53-bd65-6eb29c3e16c8",
      "skipped": false
    },
    {
      "title": "获取多久之前的文案方法测试:3月20日8:00",
      "fullTitle": "时间工具模块测试 获取多久之前的文案方法测试:3月20日8:00",
      "timedOut": false,
      "duration": 1,
      "state": "passed",
      "speed": "fast",
      "pass": true,
      "fail": false,
      "pending": false,
      "code": "expect((0, _time.getDate)(new Date('2017-03-20').getTime() / 1000, true)).to.be.equal('3月20日8:00');\ndone();",
      "err": {},
      "isRoot": false,
      "uuid": "a0d4e9b2-4180-40ea-9984-4b9d82e5380e",
      "parentUUID": "60d27e66-759a-4f53-bd65-6eb29c3e16c8",
      "skipped": false
    },
    {
      "title": "获取多久之前活跃的文案方法测试:刚刚活跃",
      "fullTitle": "时间工具模块测试 获取多久之前活跃的文案方法测试:刚刚活跃",
      "timedOut": false,
      "duration": 0,
      "state": "passed",
      "speed": "fast",
      "pass": true,
      "fail": false,
      "pending": false,
      "code": "expect((0, _time.fishCarActiveTime)(new Date().getTime() / 1000)).to.be.equal('刚刚活跃');\ndone();",
      "err": {},
      "isRoot": false,
      "uuid": "ff5e0805-c089-44e6-b0c2-ef01c7fc6175",
      "parentUUID": "60d27e66-759a-4f53-bd65-6eb29c3e16c8",
      "skipped": false
    },
    {
      "title": "获取多久之前活跃的文案方法测试:今天活跃",
      "fullTitle": "时间工具模块测试 获取多久之前活跃的文案方法测试:今天活跃",
      "timedOut": false,
      "duration": 0,
      "state": "passed",
      "speed": "fast",
      "pass": true,
      "fail": false,
      "pending": false,
      "code": "expect((0, _time.fishCarActiveTime)(new Date().getTime() / 1000 - 60 * 60 * 5)).to.be.equal('今天活跃');\ndone();",
      "err": {},
      "isRoot": false,
      "uuid": "e87b3dac-1417-4b25-887b-ae10ee9e7e7c",
      "parentUUID": "60d27e66-759a-4f53-bd65-6eb29c3e16c8",
      "skipped": false
    },
    {
      "title": "获取多久之前活跃的文案方法测试:昨天活跃",
      "fullTitle": "时间工具模块测试 获取多久之前活跃的文案方法测试:昨天活跃",
      "timedOut": false,
      "duration": 0,
      "state": "passed",
      "speed": "fast",
      "pass": true,
      "fail": false,
      "pending": false,
      "code": "expect((0, _time.fishCarActiveTime)(new Date().getTime() / 1000 - 60 * 60 * 25)).to.be.equal('昨天活跃');\ndone();",
      "err": {},
      "isRoot": false,
      "uuid": "2a99e301-f9ee-45bd-9005-937698cb4ac4",
      "parentUUID": "60d27e66-759a-4f53-bd65-6eb29c3e16c8",
      "skipped": false
    },
    {
      "title": "获取多久之前活跃的文案方法测试:3天前活跃",
      "fullTitle": "时间工具模块测试 获取多久之前活跃的文案方法测试:3天前活跃",
      "timedOut": false,
      "duration": 0,
      "state": "passed",
      "speed": "fast",
      "pass": true,
      "fail": false,
      "pending": false,
      "code": "expect((0, _time.fishCarActiveTime)(new Date().getTime() / 1000 - 60 * 60 * 75)).to.be.equal('3天前活跃');\ndone();",
      "err": {},
      "isRoot": false,
      "uuid": "1f9cc679-10ff-4094-b906-019ea277f958",
      "parentUUID": "60d27e66-759a-4f53-bd65-6eb29c3e16c8",
      "skipped": false
    },
    {
      "title": "获取当前时间的日期格式方法测试:2017/5/11",
      "fullTitle": "时间工具模块测试 获取当前时间的日期格式方法测试:2017/5/11",
      "timedOut": false,
      "duration": 0,
      "state": "passed",
      "speed": "fast",
      "pass": true,
      "fail": false,
      "pending": false,
      "code": "expect((0, _time.getBeforedawnTime)()).to.be.equal((0, _time.getBeforedawnTime)());\ndone();",
      "err": {},
      "isRoot": false,
      "uuid": "ca7709e9-f46b-46cb-b955-69d6fab9dded",
      "parentUUID": "60d27e66-759a-4f53-bd65-6eb29c3e16c8",
      "skipped": false
    },
    {
      "title": "格式化传入时间:今天",
      "fullTitle": "时间工具模块测试 格式化传入时间:今天",
      "timedOut": false,
      "duration": 1,
      "state": "passed",
      "speed": "fast",
      "pass": true,
      "fail": false,
      "pending": false,
      "code": "expect((0, _time.getDealTime)(new Date().getTime() - 60 * 60 * 12 * 1000)).to.be.equal('今天');\ndone();",
      "err": {},
      "isRoot": false,
      "uuid": "979aa7d0-38d9-414d-99c1-14c13702cda3",
      "parentUUID": "60d27e66-759a-4f53-bd65-6eb29c3e16c8",
      "skipped": false
    },
    {
      "title": "格式化传入时间:昨天",
      "fullTitle": "时间工具模块测试 格式化传入时间:昨天",
      "timedOut": false,
      "duration": 0,
      "state": "passed",
      "speed": "fast",
      "pass": true,
      "fail": false,
      "pending": false,
      "code": "expect((0, _time.getDealTime)(new Date().getTime() - 60 * 60 * 25 * 1000)).to.be.equal('昨天');\ndone();",
      "err": {},
      "isRoot": false,
      "uuid": "58144dbf-e8e7-4755-8d62-82ff5063575a",
      "parentUUID": "60d27e66-759a-4f53-bd65-6eb29c3e16c8",
      "skipped": false
    },
    {
      "title": "格式化传入时间:3月1日",
      "fullTitle": "时间工具模块测试 格式化传入时间:3月1日",
      "timedOut": false,
      "duration": 0,
      "state": "passed",
      "speed": "fast",
      "pass": true,
      "fail": false,
      "pending": false,
      "code": "expect((0, _time.getDealTime)(new Date('2017/03/01').getTime())).to.be.equal('3月1日');\ndone();",
      "err": {},
      "isRoot": false,
      "uuid": "d97d9207-d87a-4e04-8c92-b2b18dc2ef12",
      "parentUUID": "60d27e66-759a-4f53-bd65-6eb29c3e16c8",
      "skipped": false
    }
  ],
  "allFailures": [],
  "copyrightYear": 2017
}